c:\users\aaron\desktop\ocm_base\project\ocm_base\x64\debug\vc142.pdb
c:\users\aaron\desktop\ocm_base\project\ocm_base\x64\debug\vc142.idb
c:\users\aaron\desktop\ocm_base\project\ocm_base\x64\debug\main.obj
c:\users\aaron\desktop\ocm_base\project\ocm_base\x64\debug\gameobject.obj
c:\users\aaron\desktop\ocm_base\project\ocm_base\x64\debug\foocomponent.obj
c:\users\aaron\desktop\ocm_base\project\ocm_base\x64\debug\basecomponent.obj
c:\users\aaron\desktop\ocm_base\project\ocm_base\x64\debug\glad.obj
c:\users\aaron\desktop\ocm_base\project\ocm_base\x64\debug\barcomponent.obj
c:\users\aaron\desktop\ocm_base\project\ocm_base\x64\debug\quadrendercomponent.obj
c:\users\aaron\desktop\ocm_base\project\ocm_base\x64\debug\basescene.obj
c:\users\aaron\desktop\ocm_base\project\ocm_base\x64\debug\scenestatemachine.obj
c:\users\aaron\desktop\ocm_base\project\build\ocm_base_debug.exe
c:\users\aaron\desktop\ocm_base\project\ocm_base\x64\debug\ocm_base_debug.ilk
c:\users\aaron\desktop\ocm_base\project\build\ocm_base_debug.pdb
c:\users\aaron\desktop\ocm_base\project\ocm_base\x64\debug\ocm_base.tlog\cl.command.1.tlog
c:\users\aaron\desktop\ocm_base\project\ocm_base\x64\debug\ocm_base.tlog\cl.read.1.tlog
c:\users\aaron\desktop\ocm_base\project\ocm_base\x64\debug\ocm_base.tlog\cl.write.1.tlog
c:\users\aaron\desktop\ocm_base\project\ocm_base\x64\debug\ocm_base.tlog\link.command.1.tlog
c:\users\aaron\desktop\ocm_base\project\ocm_base\x64\debug\ocm_base.tlog\link.read.1.tlog
c:\users\aaron\desktop\ocm_base\project\ocm_base\x64\debug\ocm_base.tlog\link.write.1.tlog
